<?xml version="1.0" encoding="UTF-8"?>
<testsuite name="Tests" tests="5" skipped="0" failures="0" errors="0" timestamp="2021-07-27T13:39:48" hostname="LorenzosMBP294" time="0.005">
  <properties/>
  <testcase name="testPathNinetoTen" classname="Tests" time="0.003"/>
  <testcase name="testPathFivetoSix" classname="Tests" time="0.0"/>
  <testcase name="testPathOnetoSeven" classname="Tests" time="0.0"/>
  <testcase name="testPathEleventoFour" classname="Tests" time="0.0"/>
  <testcase name="testPathOnetoTwo" classname="Tests" time="0.001"/>
  <system-out><![CDATA[]]></system-out>
  <system-err><![CDATA[]]></system-err>
</testsuite>
