<?xml version="1.0" encoding="UTF-8"?>
<testsuite name="Tests" tests="3" skipped="0" failures="0" errors="0" timestamp="2021-08-02T15:05:31" hostname="LorenzosMBP294" time="0.011">
  <properties/>
  <testcase name="testGraphOne" classname="Tests" time="0.01"/>
  <testcase name="testGraphTwo" classname="Tests" time="0.0"/>
  <testcase name="testGraphThree" classname="Tests" time="0.0"/>
  <system-out><![CDATA[]]></system-out>
  <system-err><![CDATA[]]></system-err>
</testsuite>
