<?xml version="1.0" encoding="UTF-8"?>
<testsuite name="Tests" tests="4" skipped="0" failures="0" errors="0" timestamp="2021-08-02T13:15:25" hostname="LorenzosMBP294" time="0.027">
  <properties/>
  <testcase name="testOne" classname="Tests" time="0.013"/>
  <testcase name="testTwo" classname="Tests" time="0.001"/>
  <testcase name="testThree" classname="Tests" time="0.002"/>
  <testcase name="testFour" classname="Tests" time="0.0"/>
  <system-out><![CDATA[]]></system-out>
  <system-err><![CDATA[]]></system-err>
</testsuite>
