<?xml version="1.0" encoding="UTF-8"?>
<testsuite name="Tests" tests="5" skipped="0" failures="0" errors="0" timestamp="2021-08-02T15:05:21" hostname="LorenzosMBP294" time="0.006">
  <properties/>
  <testcase name="testGraphTwoVEight" classname="Tests" time="0.004"/>
  <testcase name="testGraphThreeVTwelve" classname="Tests" time="0.0"/>
  <testcase name="testGraphOneVSeven" classname="Tests" time="0.0"/>
  <testcase name="testGraphOneVOne" classname="Tests" time="0.001"/>
  <testcase name="testGraphOneVTen" classname="Tests" time="0.0"/>
  <system-out><![CDATA[]]></system-out>
  <system-err><![CDATA[]]></system-err>
</testsuite>
